<?xml version="1.0" encoding="UTF-8"?>
<!-- Generated by org.testng.reporters.JUnitXMLReporter -->
<testsuite ignored="1" hostname="DESKTOP-FKHI83U" failures="0" tests="2" name="Car Loan" time="0.143" errors="0" timestamp="2024-02-21T14:46:25 IST">
  <testcase classname="test.day3" name="APILoginCarLoan" time="0.027"/>
  <testcase classname="test.day3" name="WebLoginCarLoan" time="0.005"/>
  <testcase classname="test.day3" name="MobileLoginCarLoan" time="0.0">
    <ignored/>
  </testcase> <!-- MobileLoginCarLoan -->
</testsuite> <!-- Car Loan -->
