<?xml version="1.0" encoding="UTF-8"?>
<!-- Generated by org.testng.reporters.JUnitXMLReporter -->
<testsuite ignored="1" hostname="DESKTOP-FKHI83U" failures="0" tests="3" name="Personal Loan" time="0.187" errors="0" timestamp="2024-02-21T14:46:25 IST">
  <testcase classname="test.NewTest" name="f" time="0.03"/>
  <testcase classname="test.NewTest" name="f1" time="0.016"/>
  <testcase classname="test.NewTest2" name="f" time="0.005"/>
  <testcase classname="test.NewTest2" name="f1" time="0.0">
    <ignored/>
  </testcase> <!-- f1 -->
</testsuite> <!-- Personal Loan -->
