<?xml version="1.0" encoding="UTF-8"?>
<!-- Generated by org.testng.reporters.JUnitXMLReporter -->
<testsuite ignored="0" hostname="DESKTOP-FKHI83U" failures="0" tests="4" name="Test" time="0.222" errors="0" timestamp="2024-02-20T11:38:25 IST">
  <testcase classname="test.NewTest" name="f" time="0.038"/>
  <testcase classname="test.NewTest" name="f1" time="0.006"/>
  <testcase classname="test.NewTest2" name="f" time="0.009"/>
  <testcase classname="test.NewTest2" name="f1" time="0.008"/>
</testsuite> <!-- Test -->
