<?xml version="1.0" encoding="UTF-8"?>
<testng-results ignored="2" total="7" passed="5" failed="0" skipped="0">
  <reporter-output>
  </reporter-output>
  <suite started-at="2024-02-21T14:46:25 IST" name="Suite" finished-at="2024-02-21T14:46:25 IST" duration-ms="187">
    <groups>
      <group name="Smoke">
        <method signature="NewTest.f()[pri:0, instance:test.NewTest@3911c2a7]" name="f" class="test.NewTest"/>
        <method signature="day3.APILoginCarLoan()[pri:0, instance:test.day3@7fa98a66]" name="APILoginCarLoan" class="test.day3"/>
      </group> <!-- Smoke -->
    </groups>
    <test started-at="2024-02-21T14:46:25 IST" name="Personal Loan" finished-at="2024-02-21T14:46:25 IST" duration-ms="187">
      <class name="test.NewTest">
        <test-method signature="f()[pri:0, instance:test.NewTest@3911c2a7]" started-at="2024-02-21T14:46:25 IST" name="f" finished-at="2024-02-21T14:46:25 IST" duration-ms="30" status="PASS">
          <reporter-output>
          </reporter-output>
        </test-method> <!-- f -->
        <test-method signature="f1()[pri:0, instance:test.NewTest@3911c2a7]" started-at="2024-02-21T14:46:25 IST" name="f1" finished-at="2024-02-21T14:46:25 IST" duration-ms="16" status="PASS">
          <reporter-output>
          </reporter-output>
        </test-method> <!-- f1 -->
      </class> <!-- test.NewTest -->
      <class name="test.NewTest2">
        <test-method is-config="true" signature="prerequired()[pri:0, instance:test.NewTest2@2145b572]" started-at="2024-02-21T14:46:25 IST" name="prerequired" finished-at="2024-02-21T14:46:25 IST" duration-ms="1" status="PASS">
          <reporter-output>
          </reporter-output>
        </test-method> <!-- prerequired -->
        <test-method is-config="true" signature="bClass()[pri:0, instance:test.NewTest2@2145b572]" started-at="2024-02-21T14:46:25 IST" name="bClass" finished-at="2024-02-21T14:46:25 IST" duration-ms="3" status="PASS">
          <reporter-output>
          </reporter-output>
        </test-method> <!-- bClass -->
        <test-method is-config="true" signature="bmethod()[pri:0, instance:test.NewTest2@2145b572]" started-at="2024-02-21T14:46:25 IST" name="bmethod" finished-at="2024-02-21T14:46:25 IST" duration-ms="1" status="PASS">
          <reporter-output>
          </reporter-output>
        </test-method> <!-- bmethod -->
        <test-method signature="f()[pri:0, instance:test.NewTest2@2145b572]" started-at="2024-02-21T14:46:25 IST" name="f" finished-at="2024-02-21T14:46:25 IST" duration-ms="5" status="PASS">
          <reporter-output>
          </reporter-output>
        </test-method> <!-- f -->
        <test-method is-config="true" signature="Amethod()[pri:0, instance:test.NewTest2@2145b572]" started-at="2024-02-21T14:46:25 IST" name="Amethod" finished-at="2024-02-21T14:46:25 IST" duration-ms="2" status="PASS">
          <reporter-output>
          </reporter-output>
        </test-method> <!-- Amethod -->
        <test-method is-config="true" signature="AClass()[pri:0, instance:test.NewTest2@2145b572]" started-at="2024-02-21T14:46:25 IST" name="AClass" finished-at="2024-02-21T14:46:25 IST" duration-ms="2" status="PASS">
          <reporter-output>
          </reporter-output>
        </test-method> <!-- AClass -->
      </class> <!-- test.NewTest2 -->
    </test> <!-- Personal Loan -->
    <test started-at="2024-02-21T14:46:25 IST" name="Car Loan" finished-at="2024-02-21T14:46:25 IST" duration-ms="143">
      <class name="test.NewTest">
        <test-method is-config="true" signature="last()[pri:0, instance:test.NewTest@3911c2a7]" started-at="2024-02-21T14:46:25 IST" name="last" finished-at="2024-02-21T14:46:25 IST" duration-ms="5" status="PASS">
          <reporter-output>
          </reporter-output>
        </test-method> <!-- last -->
      </class> <!-- test.NewTest -->
      <class name="test.NewTest2">
        <test-method is-config="true" signature="prerequiredSuite()[pri:0, instance:test.NewTest2@2145b572]" started-at="2024-02-21T14:46:25 IST" name="prerequiredSuite" finished-at="2024-02-21T14:46:25 IST" duration-ms="22" status="PASS">
          <reporter-output>
          </reporter-output>
        </test-method> <!-- prerequiredSuite -->
      </class> <!-- test.NewTest2 -->
      <class name="test.day3">
        <test-method signature="APILoginCarLoan()[pri:0, instance:test.day3@7fa98a66]" started-at="2024-02-21T14:46:25 IST" name="APILoginCarLoan" finished-at="2024-02-21T14:46:25 IST" duration-ms="27" status="PASS">
          <reporter-output>
          </reporter-output>
        </test-method> <!-- APILoginCarLoan -->
        <test-method signature="WebLoginCarLoan()[pri:1, instance:test.day3@7fa98a66]" started-at="2024-02-21T14:46:25 IST" name="WebLoginCarLoan" finished-at="2024-02-21T14:46:25 IST" duration-ms="5" status="PASS">
          <reporter-output>
          </reporter-output>
        </test-method> <!-- WebLoginCarLoan -->
      </class> <!-- test.day3 -->
    </test> <!-- Car Loan -->
  </suite> <!-- Suite -->
</testng-results>
